mode: set
github.com/operationspark/service-signup/greenlight/greenlight.go:70.53,73.16 3 1
github.com/operationspark/service-signup/greenlight/greenlight.go:81.2,82.12 2 1
github.com/operationspark/service-signup/greenlight/greenlight.go:73.16,75.35 1 1
github.com/operationspark/service-signup/greenlight/greenlight.go:78.3,78.13 1 0
github.com/operationspark/service-signup/greenlight/greenlight.go:75.35,77.4 1 1
github.com/operationspark/service-signup/greenlight/greenlight.go:86.78,90.16 4 0
github.com/operationspark/service-signup/greenlight/greenlight.go:102.2,103.12 2 0
github.com/operationspark/service-signup/greenlight/greenlight.go:90.16,95.17 3 0
github.com/operationspark/service-signup/greenlight/greenlight.go:99.3,99.13 1 0
github.com/operationspark/service-signup/greenlight/greenlight.go:95.17,97.4 1 0
github.com/operationspark/service-signup/greenlight/greenlight.go:108.64,110.19 2 0
github.com/operationspark/service-signup/greenlight/greenlight.go:113.2,113.24 1 0
github.com/operationspark/service-signup/greenlight/greenlight.go:117.2,117.100 1 0
github.com/operationspark/service-signup/greenlight/greenlight.go:110.19,112.3 1 0
github.com/operationspark/service-signup/greenlight/greenlight.go:113.24,115.3 1 0
github.com/operationspark/service-signup/greenlight/greenlight.go:122.48,123.19 1 0
github.com/operationspark/service-signup/greenlight/greenlight.go:126.2,127.39 2 0
github.com/operationspark/service-signup/greenlight/greenlight.go:130.2,131.59 2 0
github.com/operationspark/service-signup/greenlight/greenlight.go:123.19,125.3 1 0
github.com/operationspark/service-signup/greenlight/greenlight.go:127.39,129.3 1 0
github.com/operationspark/service-signup/notify/info_session.go:109.38,116.2 1 1
github.com/operationspark/service-signup/notify/info_session.go:118.68,119.33 1 1
github.com/operationspark/service-signup/notify/info_session.go:125.2,126.16 2 1
github.com/operationspark/service-signup/notify/info_session.go:131.2,134.16 4 1
github.com/operationspark/service-signup/notify/info_session.go:142.2,143.16 2 1
github.com/operationspark/service-signup/notify/info_session.go:149.2,150.16 2 1
github.com/operationspark/service-signup/notify/info_session.go:156.2,156.24 1 1
github.com/operationspark/service-signup/notify/info_session.go:161.2,161.32 1 1
github.com/operationspark/service-signup/notify/info_session.go:167.2,168.16 2 1
github.com/operationspark/service-signup/notify/info_session.go:173.2,173.30 1 1
github.com/operationspark/service-signup/notify/info_session.go:119.33,121.3 1 0
github.com/operationspark/service-signup/notify/info_session.go:126.16,130.3 3 0
github.com/operationspark/service-signup/notify/info_session.go:134.16,138.3 3 0
github.com/operationspark/service-signup/notify/info_session.go:143.16,147.3 3 0
github.com/operationspark/service-signup/notify/info_session.go:150.16,154.3 3 0
github.com/operationspark/service-signup/notify/info_session.go:156.24,159.3 2 0
github.com/operationspark/service-signup/notify/info_session.go:161.32,165.3 1 1
github.com/operationspark/service-signup/notify/info_session.go:168.16,172.3 3 0
github.com/operationspark/service-signup/notify/info_session.go:176.75,181.2 1 1
github.com/operationspark/service-signup/notify/info_session.go:184.117,199.16 6 1
github.com/operationspark/service-signup/notify/info_session.go:203.2,203.62 1 1
github.com/operationspark/service-signup/notify/info_session.go:208.2,210.43 3 1
github.com/operationspark/service-signup/notify/info_session.go:239.2,239.30 1 1
github.com/operationspark/service-signup/notify/info_session.go:199.16,201.3 1 0
github.com/operationspark/service-signup/notify/info_session.go:203.62,205.3 1 0
github.com/operationspark/service-signup/notify/info_session.go:210.43,212.17 2 1
github.com/operationspark/service-signup/notify/info_session.go:217.3,219.23 3 1
github.com/operationspark/service-signup/notify/info_session.go:222.3,223.17 2 1
github.com/operationspark/service-signup/notify/info_session.go:227.3,228.51 2 1
github.com/operationspark/service-signup/notify/info_session.go:232.3,232.31 1 1
github.com/operationspark/service-signup/notify/info_session.go:212.17,214.4 1 0
github.com/operationspark/service-signup/notify/info_session.go:219.23,221.4 1 0
github.com/operationspark/service-signup/notify/info_session.go:223.17,225.4 1 0
github.com/operationspark/service-signup/notify/info_session.go:228.51,230.4 1 0
github.com/operationspark/service-signup/notify/info_session.go:232.31,237.4 4 1
github.com/operationspark/service-signup/notify/info_session.go:243.104,245.35 2 1
github.com/operationspark/service-signup/notify/info_session.go:277.2,277.20 1 1
github.com/operationspark/service-signup/notify/info_session.go:245.35,246.42 1 1
github.com/operationspark/service-signup/notify/info_session.go:246.42,248.45 1 1
github.com/operationspark/service-signup/notify/info_session.go:248.45,249.25 1 1
github.com/operationspark/service-signup/notify/info_session.go:249.25,251.20 2 1
github.com/operationspark/service-signup/notify/info_session.go:255.6,256.20 2 1
github.com/operationspark/service-signup/notify/info_session.go:261.6,262.20 2 1
github.com/operationspark/service-signup/notify/info_session.go:266.6,268.16 3 1
github.com/operationspark/service-signup/notify/info_session.go:272.6,272.50 1 1
github.com/operationspark/service-signup/notify/info_session.go:251.20,253.7 1 0
github.com/operationspark/service-signup/notify/info_session.go:256.20,258.7 1 0
github.com/operationspark/service-signup/notify/info_session.go:262.20,264.7 1 0
github.com/operationspark/service-signup/notify/info_session.go:268.16,271.7 2 0
github.com/operationspark/service-signup/notify/info_session.go:280.80,282.9 2 1
github.com/operationspark/service-signup/notify/info_session.go:286.2,289.43 4 1
github.com/operationspark/service-signup/notify/info_session.go:294.2,294.132 1 1
github.com/operationspark/service-signup/notify/info_session.go:282.9,284.3 1 0
github.com/operationspark/service-signup/notify/info_session.go:289.43,292.3 2 1
github.com/operationspark/service-signup/notify/info_session.go:298.35,300.2 1 1
github.com/operationspark/service-signup/notify/info_session.go:302.50,305.2 2 1
github.com/operationspark/service-signup/notify/info_session.go:309.48,313.16 4 1
github.com/operationspark/service-signup/notify/info_session.go:316.2,316.40 1 1
github.com/operationspark/service-signup/notify/info_session.go:319.2,319.41 1 1
github.com/operationspark/service-signup/notify/info_session.go:322.2,322.40 1 0
github.com/operationspark/service-signup/notify/info_session.go:325.2,325.139 1 0
github.com/operationspark/service-signup/notify/info_session.go:313.16,315.3 1 0
github.com/operationspark/service-signup/notify/info_session.go:316.40,318.3 1 0
github.com/operationspark/service-signup/notify/info_session.go:319.41,321.3 1 1
github.com/operationspark/service-signup/notify/info_session.go:322.40,324.3 1 0
github.com/operationspark/service-signup/notify/info_session.go:328.58,337.2 3 1
github.com/operationspark/service-signup/notify/testutil.go:16.43,20.2 3 1
github.com/operationspark/service-signup/notify/testutil.go:22.46,27.2 4 1
github.com/operationspark/service-signup/notify/testutil.go:31.22,35.19 4 1
github.com/operationspark/service-signup/notify/testutil.go:38.2,38.18 1 1
github.com/operationspark/service-signup/notify/testutil.go:35.19,37.3 1 1
github.com/operationspark/service-signup/notify/testutil.go:41.62,45.2 3 1
github.com/operationspark/service-signup/testutil.go:11.55,13.17 2 1
github.com/operationspark/service-signup/testutil.go:13.17,15.3 1 0
github.com/operationspark/service-signup/testutil.go:18.59,21.15 3 1
github.com/operationspark/service-signup/testutil.go:21.15,23.3 1 0
github.com/operationspark/service-signup/testutil.go:26.40,28.16 2 0
github.com/operationspark/service-signup/testutil.go:31.2,31.18 1 0
github.com/operationspark/service-signup/testutil.go:28.16,30.3 1 0
github.com/operationspark/service-signup/testutil.go:34.65,36.16 2 1
github.com/operationspark/service-signup/testutil.go:39.2,39.15 1 1
github.com/operationspark/service-signup/testutil.go:36.16,38.3 1 0
github.com/operationspark/service-signup/testutil.go:42.46,44.16 2 1
github.com/operationspark/service-signup/testutil.go:44.16,46.3 1 0
github.com/operationspark/service-signup/twilio.go:55.59,57.43 2 1
github.com/operationspark/service-signup/twilio.go:62.2,63.24 2 1
github.com/operationspark/service-signup/twilio.go:67.2,68.38 2 1
github.com/operationspark/service-signup/twilio.go:72.2,83.3 1 1
github.com/operationspark/service-signup/twilio.go:57.43,59.3 1 0
github.com/operationspark/service-signup/twilio.go:63.24,65.3 1 0
github.com/operationspark/service-signup/twilio.go:68.38,70.3 1 0
github.com/operationspark/service-signup/twilio.go:90.64,95.16 5 0
github.com/operationspark/service-signup/twilio.go:100.2,100.24 1 0
github.com/operationspark/service-signup/twilio.go:111.2,112.16 2 0
github.com/operationspark/service-signup/twilio.go:116.2,119.16 3 0
github.com/operationspark/service-signup/twilio.go:126.2,127.16 2 0
github.com/operationspark/service-signup/twilio.go:131.2,132.16 2 0
github.com/operationspark/service-signup/twilio.go:136.2,137.16 2 0
github.com/operationspark/service-signup/twilio.go:141.2,141.12 1 0
github.com/operationspark/service-signup/twilio.go:95.16,97.3 1 0
github.com/operationspark/service-signup/twilio.go:100.24,102.17 2 0
github.com/operationspark/service-signup/twilio.go:102.17,104.4 1 0
github.com/operationspark/service-signup/twilio.go:105.8,108.3 1 0
github.com/operationspark/service-signup/twilio.go:112.16,114.3 1 0
github.com/operationspark/service-signup/twilio.go:119.16,123.3 1 0
github.com/operationspark/service-signup/twilio.go:127.16,129.3 1 0
github.com/operationspark/service-signup/twilio.go:132.16,134.3 1 0
github.com/operationspark/service-signup/twilio.go:137.16,139.3 1 0
github.com/operationspark/service-signup/twilio.go:144.36,146.2 1 0
github.com/operationspark/service-signup/twilio.go:149.79,156.16 3 0
github.com/operationspark/service-signup/twilio.go:160.2,160.12 1 0
github.com/operationspark/service-signup/twilio.go:156.16,158.3 1 0
github.com/operationspark/service-signup/twilio.go:164.133,170.16 5 0
github.com/operationspark/service-signup/twilio.go:173.2,173.18 1 0
github.com/operationspark/service-signup/twilio.go:170.16,172.3 1 0
github.com/operationspark/service-signup/twilio.go:177.90,183.16 4 0
github.com/operationspark/service-signup/twilio.go:188.2,191.16 4 0
github.com/operationspark/service-signup/twilio.go:196.2,203.16 7 0
github.com/operationspark/service-signup/twilio.go:207.2,207.24 1 0
github.com/operationspark/service-signup/twilio.go:183.16,185.3 1 0
github.com/operationspark/service-signup/twilio.go:191.16,193.3 1 0
github.com/operationspark/service-signup/twilio.go:203.16,205.3 1 0
github.com/operationspark/service-signup/twilio.go:211.53,213.2 1 0
github.com/operationspark/service-signup/twilio.go:216.82,220.16 3 0
github.com/operationspark/service-signup/twilio.go:223.2,225.16 3 0
github.com/operationspark/service-signup/twilio.go:229.2,229.28 1 0
github.com/operationspark/service-signup/twilio.go:232.2,232.12 1 0
github.com/operationspark/service-signup/twilio.go:220.16,222.3 1 0
github.com/operationspark/service-signup/twilio.go:225.16,227.3 1 0
github.com/operationspark/service-signup/twilio.go:229.28,231.3 1 0
github.com/operationspark/service-signup/twilio.go:236.80,240.16 3 0
github.com/operationspark/service-signup/twilio.go:246.2,246.24 1 0
github.com/operationspark/service-signup/twilio.go:258.2,259.16 2 0
github.com/operationspark/service-signup/twilio.go:262.2,262.12 1 0
github.com/operationspark/service-signup/twilio.go:240.16,242.3 1 0
github.com/operationspark/service-signup/twilio.go:246.24,248.17 2 0
github.com/operationspark/service-signup/twilio.go:248.17,250.4 1 0
github.com/operationspark/service-signup/twilio.go:251.8,252.24 1 0
github.com/operationspark/service-signup/twilio.go:256.3,256.41 1 0
github.com/operationspark/service-signup/twilio.go:252.24,254.4 1 0
github.com/operationspark/service-signup/twilio.go:259.16,261.3 1 0
github.com/operationspark/service-signup/zoom.go:49.49,52.32 2 1
github.com/operationspark/service-signup/zoom.go:56.2,57.34 2 1
github.com/operationspark/service-signup/zoom.go:61.2,68.3 1 1
github.com/operationspark/service-signup/zoom.go:52.32,54.3 1 1
github.com/operationspark/service-signup/zoom.go:57.34,59.3 1 1
github.com/operationspark/service-signup/zoom.go:71.66,73.31 1 1
github.com/operationspark/service-signup/zoom.go:76.2,76.32 1 0
github.com/operationspark/service-signup/zoom.go:73.31,75.3 1 1
github.com/operationspark/service-signup/zoom.go:79.37,81.2 1 0
github.com/operationspark/service-signup/zoom.go:84.75,87.16 2 1
github.com/operationspark/service-signup/zoom.go:92.2,98.16 3 1
github.com/operationspark/service-signup/zoom.go:103.2,116.16 3 1
github.com/operationspark/service-signup/zoom.go:120.2,124.16 4 1
github.com/operationspark/service-signup/zoom.go:127.2,129.28 2 1
github.com/operationspark/service-signup/zoom.go:133.2,136.16 4 1
github.com/operationspark/service-signup/zoom.go:139.2,140.12 2 1
github.com/operationspark/service-signup/zoom.go:87.16,89.3 1 0
github.com/operationspark/service-signup/zoom.go:98.16,100.3 1 0
github.com/operationspark/service-signup/zoom.go:116.16,118.3 1 0
github.com/operationspark/service-signup/zoom.go:124.16,126.3 1 0
github.com/operationspark/service-signup/zoom.go:129.28,131.3 1 0
github.com/operationspark/service-signup/zoom.go:136.16,138.3 1 0
github.com/operationspark/service-signup/zoom.go:144.80,153.16 3 1
github.com/operationspark/service-signup/zoom.go:157.2,160.16 3 1
github.com/operationspark/service-signup/zoom.go:163.2,164.28 2 1
github.com/operationspark/service-signup/zoom.go:168.2,171.16 4 1
github.com/operationspark/service-signup/zoom.go:175.2,181.19 2 1
github.com/operationspark/service-signup/zoom.go:153.16,155.3 1 0
github.com/operationspark/service-signup/zoom.go:160.16,162.3 1 0
github.com/operationspark/service-signup/zoom.go:164.28,166.3 1 0
github.com/operationspark/service-signup/zoom.go:171.16,173.3 1 0
github.com/operationspark/service-signup/zoom.go:184.65,189.2 2 1
github.com/operationspark/service-signup/zoom.go:193.50,196.2 2 1
github.com/operationspark/service-signup/function.go:25.108,27.2 1 0
github.com/operationspark/service-signup/function.go:29.13,34.2 1 1
github.com/operationspark/service-signup/function.go:36.33,42.2 4 1
github.com/operationspark/service-signup/function.go:44.39,48.44 4 1
github.com/operationspark/service-signup/function.go:58.2,60.16 3 0
github.com/operationspark/service-signup/function.go:63.2,79.4 3 0
github.com/operationspark/service-signup/function.go:48.44,56.3 3 1
github.com/operationspark/service-signup/function.go:60.16,62.3 1 0
github.com/operationspark/service-signup/function.go:82.38,146.2 22 1
github.com/operationspark/service-signup/server.go:24.78,30.38 3 1
github.com/operationspark/service-signup/server.go:50.2,52.16 2 1
github.com/operationspark/service-signup/server.go:60.2,60.35 1 1
github.com/operationspark/service-signup/server.go:31.26,33.17 2 1
github.com/operationspark/service-signup/server.go:38.43,40.17 2 0
github.com/operationspark/service-signup/server.go:45.10,47.9 2 0
github.com/operationspark/service-signup/server.go:33.17,35.14 2 0
github.com/operationspark/service-signup/server.go:40.17,42.14 2 0
github.com/operationspark/service-signup/server.go:52.16,58.3 4 0
github.com/operationspark/service-signup/server.go:64.50,68.16 3 1
github.com/operationspark/service-signup/server.go:72.2,73.37 2 1
github.com/operationspark/service-signup/server.go:76.2,76.16 1 1
github.com/operationspark/service-signup/server.go:80.2,80.12 1 1
github.com/operationspark/service-signup/server.go:68.16,70.3 1 0
github.com/operationspark/service-signup/server.go:73.37,75.3 1 1
github.com/operationspark/service-signup/server.go:76.16,78.3 1 0
github.com/operationspark/service-signup/server.go:84.51,88.16 3 0
github.com/operationspark/service-signup/server.go:92.2,93.16 2 0
github.com/operationspark/service-signup/server.go:97.2,97.12 1 0
github.com/operationspark/service-signup/server.go:88.16,90.3 1 0
github.com/operationspark/service-signup/server.go:93.16,95.3 1 0
github.com/operationspark/service-signup/shorty.go:47.50,49.28 2 1
github.com/operationspark/service-signup/shorty.go:53.2,57.3 1 1
github.com/operationspark/service-signup/shorty.go:49.28,51.3 1 1
github.com/operationspark/service-signup/shorty.go:62.80,64.16 2 1
github.com/operationspark/service-signup/shorty.go:68.2,69.16 2 1
github.com/operationspark/service-signup/shorty.go:73.2,76.16 4 1
github.com/operationspark/service-signup/shorty.go:79.2,81.28 2 1
github.com/operationspark/service-signup/shorty.go:85.2,88.16 4 1
github.com/operationspark/service-signup/shorty.go:92.2,92.27 1 1
github.com/operationspark/service-signup/shorty.go:64.16,66.3 1 0
github.com/operationspark/service-signup/shorty.go:69.16,71.3 1 0
github.com/operationspark/service-signup/shorty.go:76.16,78.3 1 0
github.com/operationspark/service-signup/shorty.go:81.28,83.3 1 1
github.com/operationspark/service-signup/shorty.go:88.16,90.3 1 0
github.com/operationspark/service-signup/signup.go:120.57,122.16 2 1
github.com/operationspark/service-signup/signup.go:126.2,126.50 1 1
github.com/operationspark/service-signup/signup.go:122.16,124.3 1 0
github.com/operationspark/service-signup/signup.go:130.63,132.16 2 1
github.com/operationspark/service-signup/signup.go:136.2,136.37 1 1
github.com/operationspark/service-signup/signup.go:132.16,134.3 1 0
github.com/operationspark/service-signup/signup.go:139.47,144.2 1 1
github.com/operationspark/service-signup/signup.go:147.58,148.30 1 1
github.com/operationspark/service-signup/signup.go:154.2,155.16 2 1
github.com/operationspark/service-signup/signup.go:159.2,169.8 2 1
github.com/operationspark/service-signup/signup.go:148.30,153.3 1 1
github.com/operationspark/service-signup/signup.go:155.16,157.3 1 0
github.com/operationspark/service-signup/signup.go:173.35,175.30 2 1
github.com/operationspark/service-signup/signup.go:178.2,183.12 2 1
github.com/operationspark/service-signup/signup.go:175.30,177.3 1 1
github.com/operationspark/service-signup/signup.go:186.46,188.2 1 1
github.com/operationspark/service-signup/signup.go:190.46,192.2 1 1
github.com/operationspark/service-signup/signup.go:194.40,197.2 1 1
github.com/operationspark/service-signup/signup.go:199.42,201.2 1 1
github.com/operationspark/service-signup/signup.go:204.63,206.31 1 1
github.com/operationspark/service-signup/signup.go:211.2,212.16 2 1
github.com/operationspark/service-signup/signup.go:215.2,225.23 4 1
github.com/operationspark/service-signup/signup.go:229.2,229.77 1 1
github.com/operationspark/service-signup/signup.go:206.31,208.3 1 1
github.com/operationspark/service-signup/signup.go:212.16,214.3 1 0
github.com/operationspark/service-signup/signup.go:225.23,227.3 1 0
github.com/operationspark/service-signup/signup.go:235.54,252.16 4 1
github.com/operationspark/service-signup/signup.go:256.2,257.54 2 1
github.com/operationspark/service-signup/signup.go:252.16,254.3 1 0
github.com/operationspark/service-signup/signup.go:261.34,271.2 2 1
github.com/operationspark/service-signup/signup.go:273.62,279.2 1 1
github.com/operationspark/service-signup/signup.go:282.73,285.16 2 1
github.com/operationspark/service-signup/signup.go:288.2,289.16 2 1
github.com/operationspark/service-signup/signup.go:294.2,295.32 2 1
github.com/operationspark/service-signup/signup.go:306.2,306.33 1 1
github.com/operationspark/service-signup/signup.go:309.2,309.12 1 1
github.com/operationspark/service-signup/signup.go:285.16,287.3 1 0
github.com/operationspark/service-signup/signup.go:289.16,291.3 1 0
github.com/operationspark/service-signup/signup.go:295.32,296.16 1 1
github.com/operationspark/service-signup/signup.go:296.16,297.22 1 1
github.com/operationspark/service-signup/signup.go:297.22,299.19 2 1
github.com/operationspark/service-signup/signup.go:302.5,302.15 1 1
github.com/operationspark/service-signup/signup.go:299.19,301.6 1 0
github.com/operationspark/service-signup/signup.go:306.33,308.3 1 0
github.com/operationspark/service-signup/signup.go:313.64,315.31 1 1
github.com/operationspark/service-signup/signup.go:318.2,319.16 2 1
github.com/operationspark/service-signup/signup.go:322.2,325.52 3 1
github.com/operationspark/service-signup/signup.go:328.2,329.16 2 1
github.com/operationspark/service-signup/signup.go:332.2,333.12 2 1
github.com/operationspark/service-signup/signup.go:315.31,317.3 1 1
github.com/operationspark/service-signup/signup.go:319.16,321.3 1 0
github.com/operationspark/service-signup/signup.go:325.52,327.3 1 0
github.com/operationspark/service-signup/signup.go:329.16,331.3 1 0
github.com/operationspark/service-signup/signup.go:336.80,346.16 3 1
github.com/operationspark/service-signup/signup.go:349.2,349.58 1 1
github.com/operationspark/service-signup/signup.go:346.16,348.3 1 0
github.com/operationspark/service-signup/errors.go:14.44,16.2 1 0
github.com/operationspark/service-signup/errors.go:19.49,32.12 4 1
github.com/operationspark/service-signup/errors.go:36.2,37.16 2 1
github.com/operationspark/service-signup/errors.go:41.2,41.43 1 1
github.com/operationspark/service-signup/errors.go:32.12,34.3 1 1
github.com/operationspark/service-signup/errors.go:37.16,39.3 1 0
github.com/operationspark/service-signup/greenlight.go:16.66,21.2 1 1
github.com/operationspark/service-signup/greenlight.go:23.70,25.2 1 0
github.com/operationspark/service-signup/greenlight.go:27.42,29.2 1 0
github.com/operationspark/service-signup/greenlight.go:33.78,35.16 2 1
github.com/operationspark/service-signup/greenlight.go:39.2,45.16 2 1
github.com/operationspark/service-signup/greenlight.go:49.2,52.16 4 1
github.com/operationspark/service-signup/greenlight.go:55.2,57.28 2 1
github.com/operationspark/service-signup/greenlight.go:60.2,60.12 1 1
github.com/operationspark/service-signup/greenlight.go:35.16,37.3 1 0
github.com/operationspark/service-signup/greenlight.go:45.16,47.3 1 0
github.com/operationspark/service-signup/greenlight.go:52.16,54.3 1 0
github.com/operationspark/service-signup/greenlight.go:57.28,59.3 1 0
github.com/operationspark/service-signup/mailgun.go:19.83,21.33 2 1
github.com/operationspark/service-signup/mailgun.go:24.2,29.3 1 1
github.com/operationspark/service-signup/mailgun.go:21.33,23.3 1 1
github.com/operationspark/service-signup/mailgun.go:32.67,34.2 1 0
github.com/operationspark/service-signup/mailgun.go:36.39,38.2 1 0
github.com/operationspark/service-signup/mailgun.go:40.75,44.16 3 1
github.com/operationspark/service-signup/mailgun.go:48.2,62.33 2 1
github.com/operationspark/service-signup/mailgun.go:66.2,66.18 1 1
github.com/operationspark/service-signup/mailgun.go:70.2,70.45 1 1
github.com/operationspark/service-signup/mailgun.go:44.16,46.3 1 0
github.com/operationspark/service-signup/mailgun.go:62.33,64.3 1 1
github.com/operationspark/service-signup/mailgun.go:66.18,68.3 1 1
github.com/operationspark/service-signup/mailgun.go:79.101,87.24 6 1
github.com/operationspark/service-signup/mailgun.go:90.2,90.32 1 1
github.com/operationspark/service-signup/mailgun.go:97.2,102.16 4 1
github.com/operationspark/service-signup/mailgun.go:106.2,106.12 1 1
github.com/operationspark/service-signup/mailgun.go:87.24,89.3 1 1
github.com/operationspark/service-signup/mailgun.go:90.32,92.17 2 1
github.com/operationspark/service-signup/mailgun.go:92.17,94.4 1 0
github.com/operationspark/service-signup/mailgun.go:102.16,104.3 1 0
github.com/operationspark/service-signup/slack.go:19.66,21.2 1 0
github.com/operationspark/service-signup/slack.go:23.38,25.2 1 0
github.com/operationspark/service-signup/slack.go:27.55,29.2 1 1
github.com/operationspark/service-signup/slack.go:38.70,40.16 2 1
github.com/operationspark/service-signup/slack.go:44.2,45.16 2 1
github.com/operationspark/service-signup/slack.go:48.2,51.16 3 1
github.com/operationspark/service-signup/slack.go:54.2,56.28 2 1
github.com/operationspark/service-signup/slack.go:60.2,60.12 1 1
github.com/operationspark/service-signup/slack.go:40.16,42.3 1 0
github.com/operationspark/service-signup/slack.go:45.16,47.3 1 0
github.com/operationspark/service-signup/slack.go:51.16,53.3 1 0
github.com/operationspark/service-signup/slack.go:56.28,58.3 1 0
github.com/operationspark/service-signup/cmd/smoke/main.go:54.14,54.15 0 0
github.com/operationspark/service-signup/cmd/smoke/main.go:56.28,65.2 1 1
github.com/operationspark/service-signup/cmd/smoke/main.go:67.43,72.16 3 1
github.com/operationspark/service-signup/cmd/smoke/main.go:76.2,79.16 4 1
github.com/operationspark/service-signup/cmd/smoke/main.go:83.2,84.16 2 1
github.com/operationspark/service-signup/cmd/smoke/main.go:88.2,88.44 1 1
github.com/operationspark/service-signup/cmd/smoke/main.go:96.2,96.79 1 0
github.com/operationspark/service-signup/cmd/smoke/main.go:72.16,74.3 1 0
github.com/operationspark/service-signup/cmd/smoke/main.go:79.16,81.3 1 0
github.com/operationspark/service-signup/cmd/smoke/main.go:84.16,86.3 1 0
github.com/operationspark/service-signup/cmd/smoke/main.go:88.44,90.22 1 1
github.com/operationspark/service-signup/cmd/smoke/main.go:93.3,94.13 2 1
github.com/operationspark/service-signup/cmd/smoke/main.go:90.22,91.12 1 0
github.com/operationspark/service-signup/cmd/smoke/main.go:99.52,100.32 1 1
github.com/operationspark/service-signup/cmd/smoke/main.go:106.2,109.16 4 1
github.com/operationspark/service-signup/cmd/smoke/main.go:114.2,115.16 2 1
github.com/operationspark/service-signup/cmd/smoke/main.go:118.2,120.16 3 1
github.com/operationspark/service-signup/cmd/smoke/main.go:124.2,124.29 1 1
github.com/operationspark/service-signup/cmd/smoke/main.go:100.32,104.3 3 0
github.com/operationspark/service-signup/cmd/smoke/main.go:109.16,111.3 1 0
github.com/operationspark/service-signup/cmd/smoke/main.go:115.16,117.3 1 0
github.com/operationspark/service-signup/cmd/smoke/main.go:120.16,122.3 1 0
github.com/operationspark/service-signup/cmd/smoke/main.go:128.93,133.17 4 1
github.com/operationspark/service-signup/cmd/smoke/main.go:136.2,137.16 2 1
github.com/operationspark/service-signup/cmd/smoke/main.go:140.2,141.16 2 1
github.com/operationspark/service-signup/cmd/smoke/main.go:144.2,146.17 3 1
github.com/operationspark/service-signup/cmd/smoke/main.go:133.17,135.3 1 1
github.com/operationspark/service-signup/cmd/smoke/main.go:137.16,139.3 1 0
github.com/operationspark/service-signup/cmd/smoke/main.go:141.16,143.3 1 0
github.com/operationspark/service-signup/cmd/smoke/main.go:149.61,164.16 9 0
github.com/operationspark/service-signup/cmd/smoke/main.go:167.2,167.24 1 0
github.com/operationspark/service-signup/cmd/smoke/main.go:171.2,171.31 1 0
github.com/operationspark/service-signup/cmd/smoke/main.go:164.16,166.3 1 0
github.com/operationspark/service-signup/cmd/smoke/main.go:167.24,169.3 1 0
github.com/operationspark/service-signup/cmd/smoke/main.go:175.43,179.2 3 1
github.com/operationspark/service-signup/cmd/smoke/main.go:183.46,188.2 3 1
github.com/operationspark/service-signup/cmd/smoke/main.go:191.56,193.16 2 0
github.com/operationspark/service-signup/cmd/smoke/main.go:197.2,198.23 2 0
github.com/operationspark/service-signup/cmd/smoke/main.go:193.16,195.3 1 0
github.com/operationspark/service-signup/cmd/smoke/main.go:201.72,203.16 2 1
github.com/operationspark/service-signup/cmd/smoke/main.go:207.2,207.40 1 1
github.com/operationspark/service-signup/cmd/smoke/main.go:214.2,214.12 1 1
github.com/operationspark/service-signup/cmd/smoke/main.go:203.16,205.3 1 0
github.com/operationspark/service-signup/cmd/smoke/main.go:207.40,209.13 2 1
github.com/operationspark/service-signup/cmd/smoke/main.go:209.13,212.4 2 1
github.com/operationspark/service-signup/cmd/smoke/main.go:218.48,219.27 1 1
github.com/operationspark/service-signup/cmd/smoke/main.go:222.2,233.16 4 1
github.com/operationspark/service-signup/cmd/smoke/main.go:237.2,238.12 2 1
github.com/operationspark/service-signup/cmd/smoke/main.go:243.2,243.43 1 1
github.com/operationspark/service-signup/cmd/smoke/main.go:219.27,221.3 1 1
github.com/operationspark/service-signup/cmd/smoke/main.go:233.16,235.3 1 0
github.com/operationspark/service-signup/cmd/smoke/main.go:238.12,241.3 2 0
github.com/operationspark/service-signup/cmd/smoke/main.go:246.42,249.2 2 1
